# JRE version: Java(TM) SE Runtime Environment (8.0_271-b09) (build 1.8.0_271-b09)
# Java VM: Java HotSpot(TM) 64-Bit Server VM (25.271-b09 mixed mode windows-amd64 compressed oops)
Heap:
 PSYoungGen      total 38400K, used 8397K [0x00000000d5e00000, 0x00000000d8880000, 0x0000000100000000)
  eden space 33280K, 25% used [0x00000000d5e00000,0x00000000d6633410,0x00000000d7e80000)
  from space 5120K, 0% used [0x00000000d7e80000,0x00000000d7e80000,0x00000000d8380000)
  to   space 5120K, 0% used [0x00000000d8380000,0x00000000d8380000,0x00000000d8880000)
 ParOldGen       total 68096K, used 10804K [0x0000000081a00000, 0x0000000085c80000, 0x00000000d5e00000)
  object space 68096K, 15% used [0x0000000081a00000,0x000000008248d288,0x0000000085c80000)
 Metaspace       used 25881K, capacity 26218K, committed 26544K, reserved 1073152K
  class space    used 3624K, capacity 3743K, committed 3760K, reserved 1048576K
GC Heap History (10 events):
Event: 4.180 GC heap before
{Heap before GC invocations=3 (full 0):
 PSYoungGen      total 38400K, used 38382K [0x00000000d5e00000, 0x00000000d8880000, 0x0000000100000000)
  eden space 33280K, 100% used [0x00000000d5e00000,0x00000000d7e80000,0x00000000d7e80000)
  from space 5120K, 99% used [0x00000000d8380000,0x00000000d887ba38,0x00000000d8880000)
  to   space 5120K, 0% used [0x00000000d7e80000,0x00000000d7e80000,0x00000000d8380000)
 ParOldGen       total 87552K, used 231K [0x0000000081a00000, 0x0000000086f80000, 0x00000000d5e00000)
  object space 87552K, 0% used [0x0000000081a00000,0x0000000081a39f28,0x0000000086f80000)
 Metaspace       used 15190K, capacity 15454K, committed 15744K, reserved 1062912K
  class space    used 2238K, capacity 2329K, committed 2432K, reserved 1048576K
Event: 4.195 GC heap after
Heap after GC invocations=3 (full 0):
 PSYoungGen      total 38400K, used 5109K [0x00000000d5e00000, 0x00000000d8880000, 0x0000000100000000)
  eden space 33280K, 0% used [0x00000000d5e00000,0x00000000d5e00000,0x00000000d7e80000)
  from space 5120K, 99% used [0x00000000d7e80000,0x00000000d837d480,0x00000000d8380000)
  to   space 5120K, 0% used [0x00000000d8380000,0x00000000d8380000,0x00000000d8880000)
 ParOldGen       total 87552K, used 906K [0x0000000081a00000, 0x0000000086f80000, 0x00000000d5e00000)
  object space 87552K, 1% used [0x0000000081a00000,0x0000000081ae29f8,0x0000000086f80000)
 Metaspace       used 15190K, capacity 15454K, committed 15744K, reserved 1062912K
  class space    used 2238K, capacity 2329K, committed 2432K, reserved 1048576K
}
Event: 6.390 GC heap before
{Heap before GC invocations=4 (full 0):
 PSYoungGen      total 38400K, used 35677K [0x00000000d5e00000, 0x00000000d8880000, 0x0000000100000000)
  eden space 33280K, 91% used [0x00000000d5e00000,0x00000000d7bda368,0x00000000d7e80000)
  from space 5120K, 99% used [0x00000000d7e80000,0x00000000d837d480,0x00000000d8380000)
  to   space 5120K, 0% used [0x00000000d8380000,0x00000000d8380000,0x00000000d8880000)
 ParOldGen       total 87552K, used 906K [0x0000000081a00000, 0x0000000086f80000, 0x00000000d5e00000)
  object space 87552K, 1% used [0x0000000081a00000,0x0000000081ae29f8,0x0000000086f80000)
 Metaspace       used 20972K, capacity 21232K, committed 21296K, reserved 1067008K
  class space    used 2998K, capacity 3084K, committed 3120K, reserved 1048576K
Event: 6.409 GC heap after
Heap after GC invocations=4 (full 0):
 PSYoungGen      total 38400K, used 5109K [0x00000000d5e00000, 0x00000000d8880000, 0x0000000100000000)
  eden space 33280K, 0% used [0x00000000d5e00000,0x00000000d5e00000,0x00000000d7e80000)
  from space 5120K, 99% used [0x00000000d8380000,0x00000000d887d4a0,0x00000000d8880000)
  to   space 5120K, 0% used [0x00000000d7e80000,0x00000000d7e80000,0x00000000d8380000)
 ParOldGen       total 87552K, used 5946K [0x0000000081a00000, 0x0000000086f80000, 0x00000000d5e00000)
  object space 87552K, 6% used [0x0000000081a00000,0x0000000081fcebd8,0x0000000086f80000)
 Metaspace       used 20972K, capacity 21232K, committed 21296K, reserved 1067008K
  class space    used 2998K, capacity 3084K, committed 3120K, reserved 1048576K
}
Event: 6.409 GC heap before
{Heap before GC invocations=5 (full 1):
 PSYoungGen      total 38400K, used 5109K [0x00000000d5e00000, 0x00000000d8880000, 0x0000000100000000)
  eden space 33280K, 0% used [0x00000000d5e00000,0x00000000d5e00000,0x00000000d7e80000)
  from space 5120K, 99% used [0x00000000d8380000,0x00000000d887d4a0,0x00000000d8880000)
  to   space 5120K, 0% used [0x00000000d7e80000,0x00000000d7e80000,0x00000000d8380000)
 ParOldGen       total 87552K, used 5946K [0x0000000081a00000, 0x0000000086f80000, 0x00000000d5e00000)
  object space 87552K, 6% used [0x0000000081a00000,0x0000000081fcebd8,0x0000000086f80000)
 Metaspace       used 20972K, capacity 21232K, committed 21296K, reserved 1067008K
  class space    used 2998K, capacity 3084K, committed 3120K, reserved 1048576K
Event: 6.485 GC heap after
Heap after GC invocations=5 (full 1):
 PSYoungGen      total 38400K, used 0K [0x00000000d5e00000, 0x00000000d8880000, 0x0000000100000000)
  eden space 33280K, 0% used [0x00000000d5e00000,0x00000000d5e00000,0x00000000d7e80000)
  from space 5120K, 0% used [0x00000000d8380000,0x00000000d8380000,0x00000000d8880000)
  to   space 5120K, 0% used [0x00000000d7e80000,0x00000000d7e80000,0x00000000d8380000)
 ParOldGen       total 68096K, used 10179K [0x0000000081a00000, 0x0000000085c80000, 0x00000000d5e00000)
  object space 68096K, 14% used [0x0000000081a00000,0x00000000823f0d28,0x0000000085c80000)
 Metaspace       used 20972K, capacity 21232K, committed 21296K, reserved 1067008K
  class space    used 2998K, capacity 3084K, committed 3120K, reserved 1048576K
}
Event: 7.419 GC heap before
{Heap before GC invocations=6 (full 1):
 PSYoungGen      total 38400K, used 29112K [0x00000000d5e00000, 0x00000000d8880000, 0x0000000100000000)
  eden space 33280K, 87% used [0x00000000d5e00000,0x00000000d7a6e2f0,0x00000000d7e80000)
  from space 5120K, 0% used [0x00000000d8380000,0x00000000d8380000,0x00000000d8880000)
  to   space 5120K, 0% used [0x00000000d7e80000,0x00000000d7e80000,0x00000000d8380000)
 ParOldGen       total 68096K, used 10179K [0x0000000081a00000, 0x0000000085c80000, 0x00000000d5e00000)
  object space 68096K, 14% used [0x0000000081a00000,0x00000000823f0d28,0x0000000085c80000)
 Metaspace       used 24705K, capacity 24942K, committed 25136K, reserved 1075200K
  class space    used 3481K, capacity 3575K, committed 3632K, reserved 1048576K
Event: 7.422 GC heap after
Heap after GC invocations=6 (full 1):
 PSYoungGen      total 38400K, used 3527K [0x00000000d5e00000, 0x00000000d8880000, 0x0000000100000000)
  eden space 33280K, 0% used [0x00000000d5e00000,0x00000000d5e00000,0x00000000d7e80000)
  from space 5120K, 68% used [0x00000000d7e80000,0x00000000d81f1dc0,0x00000000d8380000)
  to   space 5120K, 0% used [0x00000000d8380000,0x00000000d8380000,0x00000000d8880000)
 ParOldGen       total 68096K, used 10179K [0x0000000081a00000, 0x0000000085c80000, 0x00000000d5e00000)
  object space 68096K, 14% used [0x0000000081a00000,0x00000000823f0d28,0x0000000085c80000)
 Metaspace       used 24705K, capacity 24942K, committed 25136K, reserved 1075200K
  class space    used 3481K, capacity 3575K, committed 3632K, reserved 1048576K
}
Event: 7.422 GC heap before
{Heap before GC invocations=7 (full 2):
 PSYoungGen      total 38400K, used 3527K [0x00000000d5e00000, 0x00000000d8880000, 0x0000000100000000)
  eden space 33280K, 0% used [0x00000000d5e00000,0x00000000d5e00000,0x00000000d7e80000)
  from space 5120K, 68% used [0x00000000d7e80000,0x00000000d81f1dc0,0x00000000d8380000)
  to   space 5120K, 0% used [0x00000000d8380000,0x00000000d8380000,0x00000000d8880000)
 ParOldGen       total 68096K, used 10179K [0x0000000081a00000, 0x0000000085c80000, 0x00000000d5e00000)
  object space 68096K, 14% used [0x0000000081a00000,0x00000000823f0d28,0x0000000085c80000)
 Metaspace       used 24705K, capacity 24942K, committed 25136K, reserved 1075200K
  class space    used 3481K, capacity 3575K, committed 3632K, reserved 1048576K
Event: 7.589 GC heap after
Heap after GC invocations=7 (full 2):
 PSYoungGen      total 38400K, used 0K [0x00000000d5e00000, 0x00000000d8880000, 0x0000000100000000)
  eden space 33280K, 0% used [0x00000000d5e00000,0x00000000d5e00000,0x00000000d7e80000)
  from space 5120K, 0% used [0x00000000d7e80000,0x00000000d7e80000,0x00000000d8380000)
  to   space 5120K, 0% used [0x00000000d8380000,0x00000000d8380000,0x00000000d8880000)
 ParOldGen       total 68096K, used 10804K [0x0000000081a00000, 0x0000000085c80000, 0x00000000d5e00000)
  object space 68096K, 15% used [0x0000000081a00000,0x000000008248d288,0x0000000085c80000)
 Metaspace       used 24705K, capacity 24942K, committed 25136K, reserved 1073152K
  class space    used 3481K, capacity 3575K, committed 3632K, reserved 1048576K
}

